[0mGET / [32m200[0m 66.467 ms - 9919[0m
[0mGET / [36m304[0m 32.639 ms - -[0m
[0mGET /users/sign-out [36m302[0m 9.530 ms - 30[0m
[0mGET / [32m200[0m 26.280 ms - 7295[0m
[0mGET /users/sign-in [36m304[0m 5.448 ms - -[0m
[0mPOST /users/create-session/ [36m302[0m 8.499 ms - 30[0m
[0mGET / [32m200[0m 28.047 ms - 10253[0m
[0mGET / [32m200[0m 118.374 ms - 9919[0m
[0mGET / [32m200[0m 100.314 ms - 6963[0m
[0mGET /users/sign-in [36m304[0m 19.922 ms - -[0m
[0mPOST /users/create-session/ [36m302[0m 20.797 ms - 30[0m
[0mGET / [32m200[0m 65.888 ms - 10253[0m
[0mPOST /likes/toggle/?id=670bb39aaf3ce238f514613f&type=Comment [32m200[0m 40.053 ms - 57[0m
[0mPOST /likes/toggle/?id=670bb39aaf3ce238f514613f&type=Comment [32m200[0m 25.215 ms - 56[0m
[0mGET / [32m200[0m 118.894 ms - 9919[0m
[0mGET / [36m304[0m 113.574 ms - -[0m
[0mGET / [36m304[0m 122.335 ms - -[0m
[0mGET / [32m200[0m 140.043 ms - 6963[0m
[0mGET /favicon.ico [33m404[0m 9.414 ms - 150[0m
[0mGET /users/sign-in [36m304[0m 6.993 ms - -[0m
[0mPOST /users/create-session/ [36m302[0m 26.240 ms - 30[0m
[0mGET / [32m200[0m 34.147 ms - 10253[0m
[0mPOST /likes/toggle/?id=670bb39aaf3ce238f514613f&type=Comment [32m200[0m 24.266 ms - 57[0m
[0mPOST /likes/toggle/?id=670bb397af3ce238f5146137&type=Post [32m200[0m 33.859 ms - 56[0m
[0mGET / [32m200[0m 32.133 ms - 9919[0m
[0mGET / [32m200[0m 66.289 ms - 9924[0m
[0mGET / [36m304[0m 35.555 ms - -[0m
[0mGET / [36m304[0m 64.421 ms - -[0m
[0mGET / [32m200[0m 41.437 ms - 9922[0m
[0mGET / [36m304[0m 31.704 ms - -[0m
[0mGET /users/profile/670b256be6d05e0be3369b54 [32m200[0m 51.962 ms - 2070[0m
[0mGET /users/profile/css/layout.css [33m404[0m 18.359 ms - 167[0m
[0mGET /users/profile/css/header.css [33m404[0m 35.216 ms - 167[0m
[0mGET /users/profile/css/footer.css [33m404[0m 37.282 ms - 167[0m
[0mGET /users/profile/670b256be6d05e0be3369b54 [36m304[0m 11.333 ms - -[0m
[0mGET /users/profile/css/layout.css [33m404[0m 12.200 ms - 167[0m
[0mGET /users/profile/css/header.css [33m404[0m 15.636 ms - 167[0m
[0mGET /users/profile/css/footer.css [33m404[0m 13.539 ms - 167[0m
[0mGET /users/profile/670b256be6d05e0be3369b54 [36m304[0m 9.947 ms - -[0m
[0mGET /users/profile/css/layout.css [33m404[0m 11.359 ms - 167[0m
[0mGET /users/profile/css/header.css [33m404[0m 8.990 ms - 167[0m
[0mGET /users/profile/css/footer.css [33m404[0m 12.416 ms - 167[0m
[0mGET / [32m200[0m 26.640 ms - 9920[0m
[0mGET /users/sign-out [36m302[0m 9.374 ms - 30[0m
[0mGET / [32m200[0m 21.790 ms - 7296[0m
[0mGET /users/sign-in [32m200[0m 5.572 ms - 2013[0m
[0mGET /users/css/layout.css [33m404[0m 5.248 ms - 159[0m
[0mGET /users/css/header.css [33m404[0m 4.515 ms - 159[0m
[0mGET /users/css/footer.css [33m404[0m 4.671 ms - 159[0m
[0mPOST /users/create-session/ [36m302[0m 7.888 ms - 30[0m
[0mGET / [32m200[0m 23.137 ms - 10254[0m
[0mGET / [32m200[0m 243.476 ms - 6964[0m
[0mGET /favicon.ico [33m404[0m 17.072 ms - 150[0m
[0mGET /users/sign-in [36m304[0m 18.723 ms - -[0m
[0mGET /users/css/layout.css [33m404[0m 16.990 ms - 159[0m
[0mGET /users/css/header.css [33m404[0m 12.976 ms - 159[0m
[0mGET /users/css/footer.css [33m404[0m 24.764 ms - 159[0m
[0mPOST /users/create-session/ [36m302[0m 45.331 ms - 30[0m
[0mGET / [32m200[0m 86.051 ms - 10254[0m
[0mGET / [32m200[0m 84.704 ms - 9921[0m
[0mGET /users/profile [33m404[0m 7.092 ms - 152[0m
[0mGET /users/sign-out [36m302[0m 19.338 ms - 30[0m
[0mGET / [32m200[0m 52.913 ms - 7297[0m
[0mGET /users/sign-in [32m200[0m 17.742 ms - 2014[0m
[0mGET /users/css/layout.css [33m404[0m 9.119 ms - 159[0m
[0mGET /users/css/header.css [33m404[0m 11.839 ms - 159[0m
[0mGET /users/css/footer.css [33m404[0m 10.989 ms - 159[0m
[0mGET / [32m200[0m 52.456 ms - 6965[0m
[0mGET /users/sign-up [32m200[0m 11.457 ms - 2093[0m
[0mGET /users/css/header.css [33m404[0m 4.600 ms - 159[0m
[0mGET /users/css/layout.css [33m404[0m 4.506 ms - 159[0m
[0mGET /users/css/footer.css [33m404[0m 8.468 ms - 159[0m
[0mGET / [36m304[0m 63.548 ms - -[0m
[0mGET /users/sign-in [36m304[0m 11.576 ms - -[0m
[0mGET /users/css/layout.css [33m404[0m 5.228 ms - 159[0m
[0mGET /users/css/header.css [33m404[0m 10.011 ms - 159[0m
[0mGET /users/css/footer.css [33m404[0m 10.973 ms - 159[0m
[0mGET /users/profile [33m404[0m 5.288 ms - 152[0m
[0mPOST /users/create-session/ [36m302[0m 20.975 ms - 30[0m
[0mGET / [32m200[0m 49.092 ms - 10255[0m
[0mGET /users/profile/66ceb3b15ad53f390f9e9ea7 [32m200[0m 17.669 ms - 2075[0m
[0mGET /users/profile/css/layout.css [33m404[0m 16.543 ms - 167[0m
[0mGET /users/profile/css/footer.css [33m404[0m 15.939 ms - 167[0m
[0mGET /users/profile/css/header.css [33m404[0m 16.689 ms - 167[0m
